<?xml version="1.0" encoding="UTF-8"?>
<!-- Generated by org.testng.reporters.JUnitReportReporter -->
<testsuite hostname="DESKTOP-13CAQ6Q" failures="0" tests="1" name="variousConcepts.CrmTest" time="2.728" errors="0" timestamp="2024-01-24T20:30:28 CST" skipped="0">
  <testcase classname="variousConcepts.CrmTest" name="testLogin" time="2.728"/>
  <system-out/>
</testsuite> <!-- variousConcepts.CrmTest -->
